<?xml version="1.0" encoding="UTF-8"?>
<testng-results ignored="0" total="1" passed="1" failed="0" skipped="0">
  <reporter-output>
  </reporter-output>
  <suite started-at="2024-12-30T23:12:22 IST" name="Default suite" finished-at="2024-12-30T23:12:23 IST" duration-ms="61">
    <groups>
    </groups>
    <test started-at="2024-12-30T23:12:22 IST" name="Default test" finished-at="2024-12-30T23:12:23 IST" duration-ms="61">
      <class name="testng.NewTestExample">
        <test-method is-config="true" signature="beforeTest()[pri:0, instance:testng.NewTestExample@5677323c]" started-at="2024-12-30T23:12:22 IST" name="beforeTest" finished-at="2024-12-30T23:12:22 IST" duration-ms="13" status="PASS">
          <reporter-output>
          </reporter-output>
        </test-method> <!-- beforeTest -->
        <test-method is-config="true" signature="beforeClass()[pri:0, instance:testng.NewTestExample@5677323c]" started-at="2024-12-30T23:12:23 IST" name="beforeClass" finished-at="2024-12-30T23:12:23 IST" duration-ms="1" status="PASS">
          <reporter-output>
          </reporter-output>
        </test-method> <!-- beforeClass -->
        <test-method is-config="true" signature="beforeMethod()[pri:0, instance:testng.NewTestExample@5677323c]" started-at="2024-12-30T23:12:23 IST" name="beforeMethod" finished-at="2024-12-30T23:12:23 IST" duration-ms="1" status="PASS">
          <reporter-output>
          </reporter-output>
        </test-method> <!-- beforeMethod -->
        <test-method signature="newsample()[pri:0, instance:testng.NewTestExample@5677323c]" started-at="2024-12-30T23:12:23 IST" name="newsample" finished-at="2024-12-30T23:12:23 IST" duration-ms="4" status="PASS">
          <reporter-output>
          </reporter-output>
        </test-method> <!-- newsample -->
        <test-method is-config="true" signature="afterMethod()[pri:0, instance:testng.NewTestExample@5677323c]" started-at="2024-12-30T23:12:23 IST" name="afterMethod" finished-at="2024-12-30T23:12:23 IST" duration-ms="1" status="PASS">
          <reporter-output>
          </reporter-output>
        </test-method> <!-- afterMethod -->
        <test-method is-config="true" signature="afterClass()[pri:0, instance:testng.NewTestExample@5677323c]" started-at="2024-12-30T23:12:23 IST" name="afterClass" finished-at="2024-12-30T23:12:23 IST" duration-ms="1" status="PASS">
          <reporter-output>
          </reporter-output>
        </test-method> <!-- afterClass -->
        <test-method is-config="true" signature="afterTest()[pri:0, instance:testng.NewTestExample@5677323c]" started-at="2024-12-30T23:12:23 IST" name="afterTest" finished-at="2024-12-30T23:12:23 IST" duration-ms="1" status="PASS">
          <reporter-output>
          </reporter-output>
        </test-method> <!-- afterTest -->
      </class> <!-- testng.NewTestExample -->
    </test> <!-- Default test -->
  </suite> <!-- Default suite -->
</testng-results>
